DÃ©marrÃ© par le projet amont "[8mha:////4Pl7YX6SwWbRcZxcUClZ3PLf9aDoH4AmBuWoYlPxuU2JAAAAnB+LCAAAAAAAAP9b85aBtbiIQTGjNKU4P08vOT+vOD8nVc83PyU1x6OyILUoJzMv2y+/JJUBAhiZGBgqihhk0NSjKDWzXb3RdlLBUSYGJk8GtpzUvPSSDB8G5tKinBIGIZ+sxLJE/ZzEvHT94JKizLx0a6BxUmjGOUNodHsLgAzuEgZB/az8JH3D+NzSnJJMoJY0fQB3xt3OxgAAAA==[0m1_multiconf" de numÃ©ro de build [8mha:////4DeGtvJ+UDO0BiKwcly5UmpCAOjnIdgj+Nwge7K8d/X+AAAAmx+LCAAAAAAAAP9b85aBtbiIQTGjNKU4P08vOT+vOD8nVc83PyU1x6OyILUoJzMv2y+/JJUBAhiZGBgqihhk0NSjKDWzXb3RdlLBUSYGJk8GtpzUvPSSDB8G5tKinBIGIZ+sxLJE/ZzEvHT94JKizLx0a6BxUmjGOUNodHsLQAygGfpZ+Un6hvG5pTklmUAtafqGAMe/NnnHAAAA[0m1
originally caused by:
 DÃ©marrÃ© par l'utilisateur [8mha:////4Byq+rlyGHpViUlSHN1UxrRJK+IQSUe5LIavY11nCqT8AAAAlx+LCAAAAAAAAP9b85aBtbiIQTGjNKU4P08vOT+vOD8nVc83PyU1x6OyILUoJzMv2y+/JJUBAhiZGBgqihhk0NSjKDWzXb3RdlLBUSYGJk8GtpzUvPSSDB8G5tKinBIGIZ+sxLJE/ZzEvHT94JKizLx0a6BxUmjGOUNodHsLgAyOEgZu/dLi1CL9xJTczDwAg9OS0cAAAAA=[0mMr Admin
Running as SYSTEM
Construction Ã  distance sur [8mha:////4EIJROhXAyTdu9E1xt2RaIMXAgWgorI9+A9wVer2kWl/AAAAnx+LCAAAAAAAAP9b85aBtbiIQTGjNKU4P08vOT+vOD8nVc83PyU1x6OyILUoJzMv2y+/JJUBAhiZGBgqihhk0NSjKDWzXb3RdlLBUSYGJk8GtpzUvPSSDB8G5tKinBIGIZ+sxLJE/ZzEvHT94JKizLx0a6BxUmjGOUNodHsLgAzOEgZh/eT83ILSktQi/eBgj/jgnMSyVADDR/C9yAAAAA==[0mSSH_Slave (JDK ubuntu docker) in workspace /home/dthibau/Formations/Jenkins/MyWork/SSHSlave/workspace/1_multiconf/CLOUD/CLOUD/jdk/JDK11
The recommended git tool is: NONE
No credentials specified
Cloning the remote Git repository
Cloning repository /home/dthibau/Formations/Jenkins/MyWork/multi-module
 > git init /home/dthibau/Formations/Jenkins/MyWork/SSHSlave/workspace/1_multiconf/CLOUD/CLOUD/jdk/JDK11 # timeout=10
Fetching upstream changes from /home/dthibau/Formations/Jenkins/MyWork/multi-module
 > git --version # timeout=10
 > git --version # 'git version 2.17.1'
 > git fetch --tags --progress -- /home/dthibau/Formations/Jenkins/MyWork/multi-module +refs/heads/*:refs/remotes/origin/* # timeout=10
 > git config remote.origin.url /home/dthibau/Formations/Jenkins/MyWork/multi-module # timeout=10
 > git config --add remote.origin.fetch +refs/heads/*:refs/remotes/origin/* # timeout=10
Avoid second fetch
Checking out Revision 96f9f0d72f0a01e8668d72cecbec23cfe06ff888 (refs/remotes/origin/master)
 > git config core.sparsecheckout # timeout=10
 > git checkout -f 96f9f0d72f0a01e8668d72cecbec23cfe06ff888 # timeout=10
Commit message: "Revert "Test failed""
First time build. Skipping changelog.
[JDK11] $ /home/dthibau/Formations/Jenkins/MyWork/SSHSlave/tools/hudson.tasks.Maven_MavenInstallation/M3/bin/mvn clean package
[INFO] Scanning for projects...
[INFO] ------------------------------------------------------------------------
[INFO] Reactor Build Order:
[INFO] 
[INFO] gs-multi-module                                                    [pom]
[INFO] gs-multi-module-library                                            [jar]
[INFO] gs-multi-module-application                                        [jar]
[INFO] 
[INFO] --------------------< com.example:gs-multi-module >---------------------
[INFO] Building gs-multi-module 0.0.3-SNAPSHOT                            [1/3]
[INFO] --------------------------------[ pom ]---------------------------------
[INFO] 
[8mha:////4PSEILynfF0/Bow+qCZ9k/aVniaFyKKUHWMZn7qbQFE2AAAAYB+LCAAAAAAAAP9b85aBtbiIQSmjNKU4P0+vJLE4u1gvPjexLDVPzxdEGvvmZ+X75ZekLlOVfvTjc8FPJgaGiiIGKaiG5Py84vycVD1nCA1SyAABjCCFBQCV27OjYAAAAA==[0m[INFO] --- maven-clean-plugin:3.1.0:clean (default-clean) @ gs-multi-module ---
[INFO] 
[8mha:////4PSEILynfF0/Bow+qCZ9k/aVniaFyKKUHWMZn7qbQFE2AAAAYB+LCAAAAAAAAP9b85aBtbiIQSmjNKU4P0+vJLE4u1gvPjexLDVPzxdEGvvmZ+X75ZekLlOVfvTjc8FPJgaGiiIGKaiG5Py84vycVD1nCA1SyAABjCCFBQCV27OjYAAAAA==[0m[INFO] --- jacoco-maven-plugin:0.7.9:prepare-agent (pre-unit-tests) @ gs-multi-module ---
[INFO] argLine set to -javaagent:/home/dthibau/.m2/repository/org/jacoco/org.jacoco.agent/0.7.9/org.jacoco.agent-0.7.9-runtime.jar=destfile=/home/dthibau/Formations/Jenkins/MyWork/SSHSlave/workspace/1_multiconf/CLOUD/CLOUD/jdk/JDK11/target/test-results/coverage/jacoco/jacoco.exec
[INFO] 
[8mha:////4PSEILynfF0/Bow+qCZ9k/aVniaFyKKUHWMZn7qbQFE2AAAAYB+LCAAAAAAAAP9b85aBtbiIQSmjNKU4P0+vJLE4u1gvPjexLDVPzxdEGvvmZ+X75ZekLlOVfvTjc8FPJgaGiiIGKaiG5Py84vycVD1nCA1SyAABjCCFBQCV27OjYAAAAA==[0m[INFO] --- jacoco-maven-plugin:0.7.9:report (post-unit-test) @ gs-multi-module ---
[INFO] Skipping JaCoCo execution due to missing execution data file.
[INFO] 
[INFO] ----------------< com.example:gs-multi-module-library >-----------------
[INFO] Building gs-multi-module-library 0.0.3-SNAPSHOT                    [2/3]
[INFO] --------------------------------[ jar ]---------------------------------
[INFO] 
[8mha:////4PSEILynfF0/Bow+qCZ9k/aVniaFyKKUHWMZn7qbQFE2AAAAYB+LCAAAAAAAAP9b85aBtbiIQSmjNKU4P0+vJLE4u1gvPjexLDVPzxdEGvvmZ+X75ZekLlOVfvTjc8FPJgaGiiIGKaiG5Py84vycVD1nCA1SyAABjCCFBQCV27OjYAAAAA==[0m[INFO] --- maven-clean-plugin:3.1.0:clean (default-clean) @ gs-multi-module-library ---
[INFO] 
[8mha:////4PSEILynfF0/Bow+qCZ9k/aVniaFyKKUHWMZn7qbQFE2AAAAYB+LCAAAAAAAAP9b85aBtbiIQSmjNKU4P0+vJLE4u1gvPjexLDVPzxdEGvvmZ+X75ZekLlOVfvTjc8FPJgaGiiIGKaiG5Py84vycVD1nCA1SyAABjCCFBQCV27OjYAAAAA==[0m[INFO] --- jacoco-maven-plugin:0.7.9:prepare-agent (pre-unit-tests) @ gs-multi-module-library ---
[INFO] argLine set to -javaagent:/home/dthibau/.m2/repository/org/jacoco/org.jacoco.agent/0.7.9/org.jacoco.agent-0.7.9-runtime.jar=destfile=/home/dthibau/Formations/Jenkins/MyWork/SSHSlave/workspace/1_multiconf/CLOUD/CLOUD/jdk/JDK11/library/target/test-results/coverage/jacoco/jacoco.exec
[INFO] 
[8mha:////4PSEILynfF0/Bow+qCZ9k/aVniaFyKKUHWMZn7qbQFE2AAAAYB+LCAAAAAAAAP9b85aBtbiIQSmjNKU4P0+vJLE4u1gvPjexLDVPzxdEGvvmZ+X75ZekLlOVfvTjc8FPJgaGiiIGKaiG5Py84vycVD1nCA1SyAABjCCFBQCV27OjYAAAAA==[0m[INFO] --- maven-resources-plugin:3.1.0:resources (default-resources) @ gs-multi-module-library ---
[INFO] Using 'UTF-8' encoding to copy filtered resources.
[INFO] skip non existing resourceDirectory /home/dthibau/Formations/Jenkins/MyWork/SSHSlave/workspace/1_multiconf/CLOUD/CLOUD/jdk/JDK11/library/src/main/resources
[INFO] skip non existing resourceDirectory /home/dthibau/Formations/Jenkins/MyWork/SSHSlave/workspace/1_multiconf/CLOUD/CLOUD/jdk/JDK11/library/src/main/resources
[INFO] 
[8mha:////4PSEILynfF0/Bow+qCZ9k/aVniaFyKKUHWMZn7qbQFE2AAAAYB+LCAAAAAAAAP9b85aBtbiIQSmjNKU4P0+vJLE4u1gvPjexLDVPzxdEGvvmZ+X75ZekLlOVfvTjc8FPJgaGiiIGKaiG5Py84vycVD1nCA1SyAABjCCFBQCV27OjYAAAAA==[0m[INFO] --- maven-compiler-plugin:3.8.1:compile (default-compile) @ gs-multi-module-library ---
[INFO] Changes detected - recompiling the module!
[INFO] Compiling 2 source files to /home/dthibau/Formations/Jenkins/MyWork/SSHSlave/workspace/1_multiconf/CLOUD/CLOUD/jdk/JDK11/library/target/classes
[INFO] 
[8mha:////4PSEILynfF0/Bow+qCZ9k/aVniaFyKKUHWMZn7qbQFE2AAAAYB+LCAAAAAAAAP9b85aBtbiIQSmjNKU4P0+vJLE4u1gvPjexLDVPzxdEGvvmZ+X75ZekLlOVfvTjc8FPJgaGiiIGKaiG5Py84vycVD1nCA1SyAABjCCFBQCV27OjYAAAAA==[0m[INFO] --- maven-resources-plugin:3.1.0:testResources (default-testResources) @ gs-multi-module-library ---
[INFO] Using 'UTF-8' encoding to copy filtered resources.
[INFO] skip non existing resourceDirectory /home/dthibau/Formations/Jenkins/MyWork/SSHSlave/workspace/1_multiconf/CLOUD/CLOUD/jdk/JDK11/library/src/test/resources
[INFO] 
[8mha:////4PSEILynfF0/Bow+qCZ9k/aVniaFyKKUHWMZn7qbQFE2AAAAYB+LCAAAAAAAAP9b85aBtbiIQSmjNKU4P0+vJLE4u1gvPjexLDVPzxdEGvvmZ+X75ZekLlOVfvTjc8FPJgaGiiIGKaiG5Py84vycVD1nCA1SyAABjCCFBQCV27OjYAAAAA==[0m[INFO] --- maven-compiler-plugin:3.8.1:testCompile (default-testCompile) @ gs-multi-module-library ---
[INFO] Changes detected - recompiling the module!
[INFO] Compiling 1 source file to /home/dthibau/Formations/Jenkins/MyWork/SSHSlave/workspace/1_multiconf/CLOUD/CLOUD/jdk/JDK11/library/target/test-classes
[INFO] 
[8mha:////4PSEILynfF0/Bow+qCZ9k/aVniaFyKKUHWMZn7qbQFE2AAAAYB+LCAAAAAAAAP9b85aBtbiIQSmjNKU4P0+vJLE4u1gvPjexLDVPzxdEGvvmZ+X75ZekLlOVfvTjc8FPJgaGiiIGKaiG5Py84vycVD1nCA1SyAABjCCFBQCV27OjYAAAAA==[0m[INFO] --- maven-surefire-plugin:2.22.2:test (default-test) @ gs-multi-module-library ---
[INFO] 
[INFO] -------------------------------------------------------
[INFO]  T E S T S
[INFO] -------------------------------------------------------
[8mha:////4BL0ItKcAZn7wWcUfgPsNlleRQG8YdtqVbgYLn4xbX89AAAAYx+LCAAAAAAAAP9b85aBtbiIQSWjNKU4P0+vJLE4u1gvPjexLDVPzxdEhicW5WXmpfvll6S2fNly5fzGzauYGBgqihikoFqS8/OK83NS9ZwhNEghAwQwghQWAACwxA+XYgAAAA==[0m[WARNING] Corrupted STDOUT by directly writing to native stream in forked JVM 1. See FAQ web page and the dump file /home/dthibau/Formations/Jenkins/MyWork/SSHSlave/workspace/1_multiconf/CLOUD/CLOUD/jdk/JDK11/library/target/surefire-reports/2021-04-15T09-40-11_139-jvmRun1.dumpstream
[INFO] 
[INFO] Results:
[INFO] 
[INFO] Tests run: 0, Failures: 0, Errors: 0, Skipped: 0
[INFO] 
[INFO] ------------------------------------------------------------------------
[INFO] Reactor Summary for gs-multi-module 0.0.3-SNAPSHOT:
[INFO] 
[INFO] gs-multi-module .................................... SUCCESS [  2.897 s]
[INFO] gs-multi-module-library ............................ FAILURE [ 38.975 s]
[INFO] gs-multi-module-application ........................ SKIPPED
[INFO] ------------------------------------------------------------------------
[INFO] BUILD FAILURE
[INFO] ------------------------------------------------------------------------
[INFO] Total time:  42.495 s
[INFO] Finished at: 2021-04-15T09:40:43+02:00
[INFO] ------------------------------------------------------------------------
[8mha:////4GDj9ZAG2XbxkE0sQjqKquFHbcXeopv1uYx9W0fSwCACAAAAYB+LCAAAAAAAAP9b85aBtbiIQSmjNKU4P0+vJLE4u1gvPjexLDVPzxdEuhYV5Rf55ZekOlc7RKnPKH7IxMBQUcQgBdWQnJ9XnJ+TqucMoUEKGSCAEaSwAACsNFCqYAAAAA==[0m[ERROR] Failed to execute goal org.apache.maven.plugins:maven-surefire-plugin:2.22.2:test (default-test) on project gs-multi-module-library: There are test failures.
[8mha:////4GDj9ZAG2XbxkE0sQjqKquFHbcXeopv1uYx9W0fSwCACAAAAYB+LCAAAAAAAAP9b85aBtbiIQSmjNKU4P0+vJLE4u1gvPjexLDVPzxdEuhYV5Rf55ZekOlc7RKnPKH7IxMBQUcQgBdWQnJ9XnJ+TqucMoUEKGSCAEaSwAACsNFCqYAAAAA==[0m[ERROR] 
[8mha:////4GDj9ZAG2XbxkE0sQjqKquFHbcXeopv1uYx9W0fSwCACAAAAYB+LCAAAAAAAAP9b85aBtbiIQSmjNKU4P0+vJLE4u1gvPjexLDVPzxdEuhYV5Rf55ZekOlc7RKnPKH7IxMBQUcQgBdWQnJ9XnJ+TqucMoUEKGSCAEaSwAACsNFCqYAAAAA==[0m[ERROR] Please refer to /home/dthibau/Formations/Jenkins/MyWork/SSHSlave/workspace/1_multiconf/CLOUD/CLOUD/jdk/JDK11/library/target/surefire-reports for the individual test results.
[8mha:////4GDj9ZAG2XbxkE0sQjqKquFHbcXeopv1uYx9W0fSwCACAAAAYB+LCAAAAAAAAP9b85aBtbiIQSmjNKU4P0+vJLE4u1gvPjexLDVPzxdEuhYV5Rf55ZekOlc7RKnPKH7IxMBQUcQgBdWQnJ9XnJ+TqucMoUEKGSCAEaSwAACsNFCqYAAAAA==[0m[ERROR] Please refer to dump files (if any exist) [date].dump, [date]-jvmRun[N].dump and [date].dumpstream.
[8mha:////4GDj9ZAG2XbxkE0sQjqKquFHbcXeopv1uYx9W0fSwCACAAAAYB+LCAAAAAAAAP9b85aBtbiIQSmjNKU4P0+vJLE4u1gvPjexLDVPzxdEuhYV5Rf55ZekOlc7RKnPKH7IxMBQUcQgBdWQnJ9XnJ+TqucMoUEKGSCAEaSwAACsNFCqYAAAAA==[0m[ERROR] The forked VM terminated without properly saying goodbye. VM crash or System.exit called?
[8mha:////4GDj9ZAG2XbxkE0sQjqKquFHbcXeopv1uYx9W0fSwCACAAAAYB+LCAAAAAAAAP9b85aBtbiIQSmjNKU4P0+vJLE4u1gvPjexLDVPzxdEuhYV5Rf55ZekOlc7RKnPKH7IxMBQUcQgBdWQnJ9XnJ+TqucMoUEKGSCAEaSwAACsNFCqYAAAAA==[0m[ERROR] Command was /bin/sh -c cd /home/dthibau/Formations/Jenkins/MyWork/SSHSlave/workspace/1_multiconf/CLOUD/CLOUD/jdk/JDK11/library && /usr/lib/jvm/java-11-openjdk-amd64/bin/java -javaagent:/home/dthibau/.m2/repository/org/jacoco/org.jacoco.agent/0.7.9/org.jacoco.agent-0.7.9-runtime.jar=destfile=/home/dthibau/Formations/Jenkins/MyWork/SSHSlave/workspace/1_multiconf/CLOUD/CLOUD/jdk/JDK11/library/target/test-results/coverage/jacoco/jacoco.exec -jar /home/dthibau/Formations/Jenkins/MyWork/SSHSlave/workspace/1_multiconf/CLOUD/CLOUD/jdk/JDK11/library/target/surefire/surefirebooter2841014076744685976.jar /home/dthibau/Formations/Jenkins/MyWork/SSHSlave/workspace/1_multiconf/CLOUD/CLOUD/jdk/JDK11/library/target/surefire 2021-04-15T09-40-11_139-jvmRun1 surefire14799950241526074093tmp surefire_08357071742116657512tmp
[8mha:////4GDj9ZAG2XbxkE0sQjqKquFHbcXeopv1uYx9W0fSwCACAAAAYB+LCAAAAAAAAP9b85aBtbiIQSmjNKU4P0+vJLE4u1gvPjexLDVPzxdEuhYV5Rf55ZekOlc7RKnPKH7IxMBQUcQgBdWQnJ9XnJ+TqucMoUEKGSCAEaSwAACsNFCqYAAAAA==[0m[ERROR] Error occurred in starting fork, check output in log
[8mha:////4GDj9ZAG2XbxkE0sQjqKquFHbcXeopv1uYx9W0fSwCACAAAAYB+LCAAAAAAAAP9b85aBtbiIQSmjNKU4P0+vJLE4u1gvPjexLDVPzxdEuhYV5Rf55ZekOlc7RKnPKH7IxMBQUcQgBdWQnJ9XnJ+TqucMoUEKGSCAEaSwAACsNFCqYAAAAA==[0m[ERROR] Process Exit Code: 134
[8mha:////4GDj9ZAG2XbxkE0sQjqKquFHbcXeopv1uYx9W0fSwCACAAAAYB+LCAAAAAAAAP9b85aBtbiIQSmjNKU4P0+vJLE4u1gvPjexLDVPzxdEuhYV5Rf55ZekOlc7RKnPKH7IxMBQUcQgBdWQnJ9XnJ+TqucMoUEKGSCAEaSwAACsNFCqYAAAAA==[0m[ERROR] org.apache.maven.surefire.booter.SurefireBooterForkException: The forked VM terminated without properly saying goodbye. VM crash or System.exit called?
[8mha:////4GDj9ZAG2XbxkE0sQjqKquFHbcXeopv1uYx9W0fSwCACAAAAYB+LCAAAAAAAAP9b85aBtbiIQSmjNKU4P0+vJLE4u1gvPjexLDVPzxdEuhYV5Rf55ZekOlc7RKnPKH7IxMBQUcQgBdWQnJ9XnJ+TqucMoUEKGSCAEaSwAACsNFCqYAAAAA==[0m[ERROR] Command was /bin/sh -c cd /home/dthibau/Formations/Jenkins/MyWork/SSHSlave/workspace/1_multiconf/CLOUD/CLOUD/jdk/JDK11/library && /usr/lib/jvm/java-11-openjdk-amd64/bin/java -javaagent:/home/dthibau/.m2/repository/org/jacoco/org.jacoco.agent/0.7.9/org.jacoco.agent-0.7.9-runtime.jar=destfile=/home/dthibau/Formations/Jenkins/MyWork/SSHSlave/workspace/1_multiconf/CLOUD/CLOUD/jdk/JDK11/library/target/test-results/coverage/jacoco/jacoco.exec -jar /home/dthibau/Formations/Jenkins/MyWork/SSHSlave/workspace/1_multiconf/CLOUD/CLOUD/jdk/JDK11/library/target/surefire/surefirebooter2841014076744685976.jar /home/dthibau/Formations/Jenkins/MyWork/SSHSlave/workspace/1_multiconf/CLOUD/CLOUD/jdk/JDK11/library/target/surefire 2021-04-15T09-40-11_139-jvmRun1 surefire14799950241526074093tmp surefire_08357071742116657512tmp
[8mha:////4GDj9ZAG2XbxkE0sQjqKquFHbcXeopv1uYx9W0fSwCACAAAAYB+LCAAAAAAAAP9b85aBtbiIQSmjNKU4P0+vJLE4u1gvPjexLDVPzxdEuhYV5Rf55ZekOlc7RKnPKH7IxMBQUcQgBdWQnJ9XnJ+TqucMoUEKGSCAEaSwAACsNFCqYAAAAA==[0m[ERROR] Error occurred in starting fork, check output in log
[8mha:////4GDj9ZAG2XbxkE0sQjqKquFHbcXeopv1uYx9W0fSwCACAAAAYB+LCAAAAAAAAP9b85aBtbiIQSmjNKU4P0+vJLE4u1gvPjexLDVPzxdEuhYV5Rf55ZekOlc7RKnPKH7IxMBQUcQgBdWQnJ9XnJ+TqucMoUEKGSCAEaSwAACsNFCqYAAAAA==[0m[ERROR] Process Exit Code: 134
[8mha:////4GDj9ZAG2XbxkE0sQjqKquFHbcXeopv1uYx9W0fSwCACAAAAYB+LCAAAAAAAAP9b85aBtbiIQSmjNKU4P0+vJLE4u1gvPjexLDVPzxdEuhYV5Rf55ZekOlc7RKnPKH7IxMBQUcQgBdWQnJ9XnJ+TqucMoUEKGSCAEaSwAACsNFCqYAAAAA==[0m[ERROR] 	at org.apache.maven.plugin.surefire.booterclient.ForkStarter.fork(ForkStarter.java:669)
[8mha:////4GDj9ZAG2XbxkE0sQjqKquFHbcXeopv1uYx9W0fSwCACAAAAYB+LCAAAAAAAAP9b85aBtbiIQSmjNKU4P0+vJLE4u1gvPjexLDVPzxdEuhYV5Rf55ZekOlc7RKnPKH7IxMBQUcQgBdWQnJ9XnJ+TqucMoUEKGSCAEaSwAACsNFCqYAAAAA==[0m[ERROR] 	at org.apache.maven.plugin.surefire.booterclient.ForkStarter.run(ForkStarter.java:282)
[8mha:////4GDj9ZAG2XbxkE0sQjqKquFHbcXeopv1uYx9W0fSwCACAAAAYB+LCAAAAAAAAP9b85aBtbiIQSmjNKU4P0+vJLE4u1gvPjexLDVPzxdEuhYV5Rf55ZekOlc7RKnPKH7IxMBQUcQgBdWQnJ9XnJ+TqucMoUEKGSCAEaSwAACsNFCqYAAAAA==[0m[ERROR] 	at org.apache.maven.plugin.surefire.booterclient.ForkStarter.run(ForkStarter.java:245)
[8mha:////4GDj9ZAG2XbxkE0sQjqKquFHbcXeopv1uYx9W0fSwCACAAAAYB+LCAAAAAAAAP9b85aBtbiIQSmjNKU4P0+vJLE4u1gvPjexLDVPzxdEuhYV5Rf55ZekOlc7RKnPKH7IxMBQUcQgBdWQnJ9XnJ+TqucMoUEKGSCAEaSwAACsNFCqYAAAAA==[0m[ERROR] 	at org.apache.maven.plugin.surefire.AbstractSurefireMojo.executeProvider(AbstractSurefireMojo.java:1183)
[8mha:////4GDj9ZAG2XbxkE0sQjqKquFHbcXeopv1uYx9W0fSwCACAAAAYB+LCAAAAAAAAP9b85aBtbiIQSmjNKU4P0+vJLE4u1gvPjexLDVPzxdEuhYV5Rf55ZekOlc7RKnPKH7IxMBQUcQgBdWQnJ9XnJ+TqucMoUEKGSCAEaSwAACsNFCqYAAAAA==[0m[ERROR] 	at org.apache.maven.plugin.surefire.AbstractSurefireMojo.executeAfterPreconditionsChecked(AbstractSurefireMojo.java:1011)
[8mha:////4GDj9ZAG2XbxkE0sQjqKquFHbcXeopv1uYx9W0fSwCACAAAAYB+LCAAAAAAAAP9b85aBtbiIQSmjNKU4P0+vJLE4u1gvPjexLDVPzxdEuhYV5Rf55ZekOlc7RKnPKH7IxMBQUcQgBdWQnJ9XnJ+TqucMoUEKGSCAEaSwAACsNFCqYAAAAA==[0m[ERROR] 	at org.apache.maven.plugin.surefire.AbstractSurefireMojo.execute(AbstractSurefireMojo.java:857)
[8mha:////4GDj9ZAG2XbxkE0sQjqKquFHbcXeopv1uYx9W0fSwCACAAAAYB+LCAAAAAAAAP9b85aBtbiIQSmjNKU4P0+vJLE4u1gvPjexLDVPzxdEuhYV5Rf55ZekOlc7RKnPKH7IxMBQUcQgBdWQnJ9XnJ+TqucMoUEKGSCAEaSwAACsNFCqYAAAAA==[0m[ERROR] 	at org.apache.maven.plugin.DefaultBuildPluginManager.executeMojo(DefaultBuildPluginManager.java:137)
[8mha:////4GDj9ZAG2XbxkE0sQjqKquFHbcXeopv1uYx9W0fSwCACAAAAYB+LCAAAAAAAAP9b85aBtbiIQSmjNKU4P0+vJLE4u1gvPjexLDVPzxdEuhYV5Rf55ZekOlc7RKnPKH7IxMBQUcQgBdWQnJ9XnJ+TqucMoUEKGSCAEaSwAACsNFCqYAAAAA==[0m[ERROR] 	at org.apache.maven.lifecycle.internal.MojoExecutor.execute(MojoExecutor.java:210)
[8mha:////4GDj9ZAG2XbxkE0sQjqKquFHbcXeopv1uYx9W0fSwCACAAAAYB+LCAAAAAAAAP9b85aBtbiIQSmjNKU4P0+vJLE4u1gvPjexLDVPzxdEuhYV5Rf55ZekOlc7RKnPKH7IxMBQUcQgBdWQnJ9XnJ+TqucMoUEKGSCAEaSwAACsNFCqYAAAAA==[0m[ERROR] 	at org.apache.maven.lifecycle.internal.MojoExecutor.execute(MojoExecutor.java:156)
[8mha:////4GDj9ZAG2XbxkE0sQjqKquFHbcXeopv1uYx9W0fSwCACAAAAYB+LCAAAAAAAAP9b85aBtbiIQSmjNKU4P0+vJLE4u1gvPjexLDVPzxdEuhYV5Rf55ZekOlc7RKnPKH7IxMBQUcQgBdWQnJ9XnJ+TqucMoUEKGSCAEaSwAACsNFCqYAAAAA==[0m[ERROR] 	at org.apache.maven.lifecycle.internal.MojoExecutor.execute(MojoExecutor.java:148)
[8mha:////4GDj9ZAG2XbxkE0sQjqKquFHbcXeopv1uYx9W0fSwCACAAAAYB+LCAAAAAAAAP9b85aBtbiIQSmjNKU4P0+vJLE4u1gvPjexLDVPzxdEuhYV5Rf55ZekOlc7RKnPKH7IxMBQUcQgBdWQnJ9XnJ+TqucMoUEKGSCAEaSwAACsNFCqYAAAAA==[0m[ERROR] 	at org.apache.maven.lifecycle.internal.LifecycleModuleBuilder.buildProject(LifecycleModuleBuilder.java:117)
[8mha:////4GDj9ZAG2XbxkE0sQjqKquFHbcXeopv1uYx9W0fSwCACAAAAYB+LCAAAAAAAAP9b85aBtbiIQSmjNKU4P0+vJLE4u1gvPjexLDVPzxdEuhYV5Rf55ZekOlc7RKnPKH7IxMBQUcQgBdWQnJ9XnJ+TqucMoUEKGSCAEaSwAACsNFCqYAAAAA==[0m[ERROR] 	at org.apache.maven.lifecycle.internal.LifecycleModuleBuilder.buildProject(LifecycleModuleBuilder.java:81)
[8mha:////4GDj9ZAG2XbxkE0sQjqKquFHbcXeopv1uYx9W0fSwCACAAAAYB+LCAAAAAAAAP9b85aBtbiIQSmjNKU4P0+vJLE4u1gvPjexLDVPzxdEuhYV5Rf55ZekOlc7RKnPKH7IxMBQUcQgBdWQnJ9XnJ+TqucMoUEKGSCAEaSwAACsNFCqYAAAAA==[0m[ERROR] 	at org.apache.maven.lifecycle.internal.builder.singlethreaded.SingleThreadedBuilder.build(SingleThreadedBuilder.java:56)
[8mha:////4GDj9ZAG2XbxkE0sQjqKquFHbcXeopv1uYx9W0fSwCACAAAAYB+LCAAAAAAAAP9b85aBtbiIQSmjNKU4P0+vJLE4u1gvPjexLDVPzxdEuhYV5Rf55ZekOlc7RKnPKH7IxMBQUcQgBdWQnJ9XnJ+TqucMoUEKGSCAEaSwAACsNFCqYAAAAA==[0m[ERROR] 	at org.apache.maven.lifecycle.internal.LifecycleStarter.execute(LifecycleStarter.java:128)
[8mha:////4GDj9ZAG2XbxkE0sQjqKquFHbcXeopv1uYx9W0fSwCACAAAAYB+LCAAAAAAAAP9b85aBtbiIQSmjNKU4P0+vJLE4u1gvPjexLDVPzxdEuhYV5Rf55ZekOlc7RKnPKH7IxMBQUcQgBdWQnJ9XnJ+TqucMoUEKGSCAEaSwAACsNFCqYAAAAA==[0m[ERROR] 	at org.apache.maven.DefaultMaven.doExecute(DefaultMaven.java:305)
[8mha:////4GDj9ZAG2XbxkE0sQjqKquFHbcXeopv1uYx9W0fSwCACAAAAYB+LCAAAAAAAAP9b85aBtbiIQSmjNKU4P0+vJLE4u1gvPjexLDVPzxdEuhYV5Rf55ZekOlc7RKnPKH7IxMBQUcQgBdWQnJ9XnJ+TqucMoUEKGSCAEaSwAACsNFCqYAAAAA==[0m[ERROR] 	at org.apache.maven.DefaultMaven.doExecute(DefaultMaven.java:192)
[8mha:////4GDj9ZAG2XbxkE0sQjqKquFHbcXeopv1uYx9W0fSwCACAAAAYB+LCAAAAAAAAP9b85aBtbiIQSmjNKU4P0+vJLE4u1gvPjexLDVPzxdEuhYV5Rf55ZekOlc7RKnPKH7IxMBQUcQgBdWQnJ9XnJ+TqucMoUEKGSCAEaSwAACsNFCqYAAAAA==[0m[ERROR] 	at org.apache.maven.DefaultMaven.execute(DefaultMaven.java:105)
[8mha:////4GDj9ZAG2XbxkE0sQjqKquFHbcXeopv1uYx9W0fSwCACAAAAYB+LCAAAAAAAAP9b85aBtbiIQSmjNKU4P0+vJLE4u1gvPjexLDVPzxdEuhYV5Rf55ZekOlc7RKnPKH7IxMBQUcQgBdWQnJ9XnJ+TqucMoUEKGSCAEaSwAACsNFCqYAAAAA==[0m[ERROR] 	at org.apache.maven.cli.MavenCli.execute(MavenCli.java:957)
[8mha:////4GDj9ZAG2XbxkE0sQjqKquFHbcXeopv1uYx9W0fSwCACAAAAYB+LCAAAAAAAAP9b85aBtbiIQSmjNKU4P0+vJLE4u1gvPjexLDVPzxdEuhYV5Rf55ZekOlc7RKnPKH7IxMBQUcQgBdWQnJ9XnJ+TqucMoUEKGSCAEaSwAACsNFCqYAAAAA==[0m[ERROR] 	at org.apache.maven.cli.MavenCli.doMain(MavenCli.java:289)
[8mha:////4GDj9ZAG2XbxkE0sQjqKquFHbcXeopv1uYx9W0fSwCACAAAAYB+LCAAAAAAAAP9b85aBtbiIQSmjNKU4P0+vJLE4u1gvPjexLDVPzxdEuhYV5Rf55ZekOlc7RKnPKH7IxMBQUcQgBdWQnJ9XnJ+TqucMoUEKGSCAEaSwAACsNFCqYAAAAA==[0m[ERROR] 	at org.apache.maven.cli.MavenCli.main(MavenCli.java:193)
[8mha:////4GDj9ZAG2XbxkE0sQjqKquFHbcXeopv1uYx9W0fSwCACAAAAYB+LCAAAAAAAAP9b85aBtbiIQSmjNKU4P0+vJLE4u1gvPjexLDVPzxdEuhYV5Rf55ZekOlc7RKnPKH7IxMBQUcQgBdWQnJ9XnJ+TqucMoUEKGSCAEaSwAACsNFCqYAAAAA==[0m[ERROR] 	at java.base/jdk.internal.reflect.NativeMethodAccessorImpl.invoke0(Native Method)
[8mha:////4GDj9ZAG2XbxkE0sQjqKquFHbcXeopv1uYx9W0fSwCACAAAAYB+LCAAAAAAAAP9b85aBtbiIQSmjNKU4P0+vJLE4u1gvPjexLDVPzxdEuhYV5Rf55ZekOlc7RKnPKH7IxMBQUcQgBdWQnJ9XnJ+TqucMoUEKGSCAEaSwAACsNFCqYAAAAA==[0m[ERROR] 	at java.base/jdk.internal.reflect.NativeMethodAccessorImpl.invoke(NativeMethodAccessorImpl.java:62)
[8mha:////4GDj9ZAG2XbxkE0sQjqKquFHbcXeopv1uYx9W0fSwCACAAAAYB+LCAAAAAAAAP9b85aBtbiIQSmjNKU4P0+vJLE4u1gvPjexLDVPzxdEuhYV5Rf55ZekOlc7RKnPKH7IxMBQUcQgBdWQnJ9XnJ+TqucMoUEKGSCAEaSwAACsNFCqYAAAAA==[0m[ERROR] 	at java.base/jdk.internal.reflect.DelegatingMethodAccessorImpl.invoke(DelegatingMethodAccessorImpl.java:43)
[8mha:////4GDj9ZAG2XbxkE0sQjqKquFHbcXeopv1uYx9W0fSwCACAAAAYB+LCAAAAAAAAP9b85aBtbiIQSmjNKU4P0+vJLE4u1gvPjexLDVPzxdEuhYV5Rf55ZekOlc7RKnPKH7IxMBQUcQgBdWQnJ9XnJ+TqucMoUEKGSCAEaSwAACsNFCqYAAAAA==[0m[ERROR] 	at java.base/java.lang.reflect.Method.invoke(Method.java:566)
[8mha:////4GDj9ZAG2XbxkE0sQjqKquFHbcXeopv1uYx9W0fSwCACAAAAYB+LCAAAAAAAAP9b85aBtbiIQSmjNKU4P0+vJLE4u1gvPjexLDVPzxdEuhYV5Rf55ZekOlc7RKnPKH7IxMBQUcQgBdWQnJ9XnJ+TqucMoUEKGSCAEaSwAACsNFCqYAAAAA==[0m[ERROR] 	at org.codehaus.plexus.classworlds.launcher.Launcher.launchEnhanced(Launcher.java:282)
[8mha:////4GDj9ZAG2XbxkE0sQjqKquFHbcXeopv1uYx9W0fSwCACAAAAYB+LCAAAAAAAAP9b85aBtbiIQSmjNKU4P0+vJLE4u1gvPjexLDVPzxdEuhYV5Rf55ZekOlc7RKnPKH7IxMBQUcQgBdWQnJ9XnJ+TqucMoUEKGSCAEaSwAACsNFCqYAAAAA==[0m[ERROR] 	at org.codehaus.plexus.classworlds.launcher.Launcher.launch(Launcher.java:225)
[8mha:////4GDj9ZAG2XbxkE0sQjqKquFHbcXeopv1uYx9W0fSwCACAAAAYB+LCAAAAAAAAP9b85aBtbiIQSmjNKU4P0+vJLE4u1gvPjexLDVPzxdEuhYV5Rf55ZekOlc7RKnPKH7IxMBQUcQgBdWQnJ9XnJ+TqucMoUEKGSCAEaSwAACsNFCqYAAAAA==[0m[ERROR] 	at org.codehaus.plexus.classworlds.launcher.Launcher.mainWithExitCode(Launcher.java:406)
[8mha:////4GDj9ZAG2XbxkE0sQjqKquFHbcXeopv1uYx9W0fSwCACAAAAYB+LCAAAAAAAAP9b85aBtbiIQSmjNKU4P0+vJLE4u1gvPjexLDVPzxdEuhYV5Rf55ZekOlc7RKnPKH7IxMBQUcQgBdWQnJ9XnJ+TqucMoUEKGSCAEaSwAACsNFCqYAAAAA==[0m[ERROR] 	at org.codehaus.plexus.classworlds.launcher.Launcher.main(Launcher.java:347)
[8mha:////4GDj9ZAG2XbxkE0sQjqKquFHbcXeopv1uYx9W0fSwCACAAAAYB+LCAAAAAAAAP9b85aBtbiIQSmjNKU4P0+vJLE4u1gvPjexLDVPzxdEuhYV5Rf55ZekOlc7RKnPKH7IxMBQUcQgBdWQnJ9XnJ+TqucMoUEKGSCAEaSwAACsNFCqYAAAAA==[0m[ERROR] 
[8mha:////4GDj9ZAG2XbxkE0sQjqKquFHbcXeopv1uYx9W0fSwCACAAAAYB+LCAAAAAAAAP9b85aBtbiIQSmjNKU4P0+vJLE4u1gvPjexLDVPzxdEuhYV5Rf55ZekOlc7RKnPKH7IxMBQUcQgBdWQnJ9XnJ+TqucMoUEKGSCAEaSwAACsNFCqYAAAAA==[0m[ERROR] -> [Help 1]
[8mha:////4GDj9ZAG2XbxkE0sQjqKquFHbcXeopv1uYx9W0fSwCACAAAAYB+LCAAAAAAAAP9b85aBtbiIQSmjNKU4P0+vJLE4u1gvPjexLDVPzxdEuhYV5Rf55ZekOlc7RKnPKH7IxMBQUcQgBdWQnJ9XnJ+TqucMoUEKGSCAEaSwAACsNFCqYAAAAA==[0m[ERROR] 
[8mha:////4GDj9ZAG2XbxkE0sQjqKquFHbcXeopv1uYx9W0fSwCACAAAAYB+LCAAAAAAAAP9b85aBtbiIQSmjNKU4P0+vJLE4u1gvPjexLDVPzxdEuhYV5Rf55ZekOlc7RKnPKH7IxMBQUcQgBdWQnJ9XnJ+TqucMoUEKGSCAEaSwAACsNFCqYAAAAA==[0m[ERROR] To see the full stack trace of the errors, re-run Maven with the -e switch.
[8mha:////4GDj9ZAG2XbxkE0sQjqKquFHbcXeopv1uYx9W0fSwCACAAAAYB+LCAAAAAAAAP9b85aBtbiIQSmjNKU4P0+vJLE4u1gvPjexLDVPzxdEuhYV5Rf55ZekOlc7RKnPKH7IxMBQUcQgBdWQnJ9XnJ+TqucMoUEKGSCAEaSwAACsNFCqYAAAAA==[0m[ERROR] Re-run Maven using the -X switch to enable full debug logging.
[8mha:////4GDj9ZAG2XbxkE0sQjqKquFHbcXeopv1uYx9W0fSwCACAAAAYB+LCAAAAAAAAP9b85aBtbiIQSmjNKU4P0+vJLE4u1gvPjexLDVPzxdEuhYV5Rf55ZekOlc7RKnPKH7IxMBQUcQgBdWQnJ9XnJ+TqucMoUEKGSCAEaSwAACsNFCqYAAAAA==[0m[ERROR] 
[8mha:////4GDj9ZAG2XbxkE0sQjqKquFHbcXeopv1uYx9W0fSwCACAAAAYB+LCAAAAAAAAP9b85aBtbiIQSmjNKU4P0+vJLE4u1gvPjexLDVPzxdEuhYV5Rf55ZekOlc7RKnPKH7IxMBQUcQgBdWQnJ9XnJ+TqucMoUEKGSCAEaSwAACsNFCqYAAAAA==[0m[ERROR] For more information about the errors and possible solutions, please read the following articles:
[8mha:////4GDj9ZAG2XbxkE0sQjqKquFHbcXeopv1uYx9W0fSwCACAAAAYB+LCAAAAAAAAP9b85aBtbiIQSmjNKU4P0+vJLE4u1gvPjexLDVPzxdEuhYV5Rf55ZekOlc7RKnPKH7IxMBQUcQgBdWQnJ9XnJ+TqucMoUEKGSCAEaSwAACsNFCqYAAAAA==[0m[ERROR] [Help 1] http://cwiki.apache.org/confluence/display/MAVEN/MojoExecutionException
[8mha:////4GDj9ZAG2XbxkE0sQjqKquFHbcXeopv1uYx9W0fSwCACAAAAYB+LCAAAAAAAAP9b85aBtbiIQSmjNKU4P0+vJLE4u1gvPjexLDVPzxdEuhYV5Rf55ZekOlc7RKnPKH7IxMBQUcQgBdWQnJ9XnJ+TqucMoUEKGSCAEaSwAACsNFCqYAAAAA==[0m[ERROR] 
[8mha:////4GDj9ZAG2XbxkE0sQjqKquFHbcXeopv1uYx9W0fSwCACAAAAYB+LCAAAAAAAAP9b85aBtbiIQSmjNKU4P0+vJLE4u1gvPjexLDVPzxdEuhYV5Rf55ZekOlc7RKnPKH7IxMBQUcQgBdWQnJ9XnJ+TqucMoUEKGSCAEaSwAACsNFCqYAAAAA==[0m[ERROR] After correcting the problems, you can resume the build with the command
[8mha:////4GDj9ZAG2XbxkE0sQjqKquFHbcXeopv1uYx9W0fSwCACAAAAYB+LCAAAAAAAAP9b85aBtbiIQSmjNKU4P0+vJLE4u1gvPjexLDVPzxdEuhYV5Rf55ZekOlc7RKnPKH7IxMBQUcQgBdWQnJ9XnJ+TqucMoUEKGSCAEaSwAACsNFCqYAAAAA==[0m[ERROR]   mvn <args> -rf :gs-multi-module-library
Build step 'Invoquer les cibles Maven de haut niveau' marked build as failure
Finished: FAILURE
