Lanc√© par un changement dans la base de code
Running as SYSTEM
Building in workspace /var/lib/jenkins/workspace/1_freestyle
The recommended git tool is: NONE
No credentials specified
 > git rev-parse --resolve-git-dir /var/lib/jenkins/workspace/1_freestyle/.git # timeout=10
Fetching changes from the remote Git repository
 > git config remote.origin.url /home/dthibau/Formations/Jenkins/MyWork/multi-module # timeout=10
Fetching upstream changes from /home/dthibau/Formations/Jenkins/MyWork/multi-module
 > git --version # timeout=10
 > git --version # 'git version 2.17.1'
 > git fetch --tags --progress -- /home/dthibau/Formations/Jenkins/MyWork/multi-module +refs/heads/*:refs/remotes/origin/* # timeout=10
 > git rev-parse refs/remotes/origin/master^{commit} # timeout=10
Checking out Revision 184f03a26eb8a0962e6c0514e9618269e9ce739c (refs/remotes/origin/master)
 > git config core.sparsecheckout # timeout=10
 > git checkout -f 184f03a26eb8a0962e6c0514e9618269e9ce739c # timeout=10
Commit message: "Test failed"
 > git rev-list --no-walk a280983ea620a792a4072321df4822dcd3aa6167 # timeout=10
[1_freestyle] $ /bin/sh -xe /tmp/jenkins7332249560370892588.sh
+ env
JENKINS_HOME=/var/lib/jenkins
GIT_PREVIOUS_SUCCESSFUL_COMMIT=a280983ea620a792a4072321df4822dcd3aa6167
MAIL=/var/mail/jenkins
J2SDKDIR=/usr/lib/jvm/java-14-oracle
USER=jenkins
RUN_CHANGES_DISPLAY_URL=http://localhost:8081/job/1_freestyle/4/display/redirect?page=changes
J2REDIR=/usr/lib/jvm/java-14-oracle
SHLVL=1
NODE_LABELS=master
HUDSON_URL=http://localhost:8081/
GIT_COMMIT=184f03a26eb8a0962e6c0514e9618269e9ce739c
HOME=/var/lib/jenkins
BUILD_URL=http://localhost:8081/job/1_freestyle/4/
HUDSON_COOKIE=c114f0e5-c4a1-4e02-a310-44c466cc25c9
JENKINS_SERVER_COOKIE=d2068e5669af7b34
DBUS_SESSION_BUS_ADDRESS=unix:path=/run/user/127/bus
WORKSPACE=/var/lib/jenkins/workspace/1_freestyle
LOGNAME=jenkins
NODE_NAME=master
_=/usr/bin/daemon
RUN_ARTIFACTS_DISPLAY_URL=http://localhost:8081/job/1_freestyle/4/display/redirect?page=artifacts
GIT_BRANCH=origin/master
EXECUTOR_NUMBER=1
XDG_SESSION_ID=c26
RUN_TESTS_DISPLAY_URL=http://localhost:8081/job/1_freestyle/4/display/redirect?page=tests
BUILD_DISPLAY_NAME=#4
HUDSON_HOME=/var/lib/jenkins
JOB_BASE_NAME=1_freestyle
PATH=/usr/lib/jvm/java-1.8.0-openjdk-amd64/bin:/usr/lib/jvm/java-1.8.0-openjdk-amd64/bin:/usr/local/sbin:/usr/local/bin:/usr/sbin:/usr/bin:/sbin:/bin:/usr/games:/usr/local/games:/snap/bin:/usr/lib/jvm/java-14-oracle/bin:/usr/lib/jvm/java-14-oracle/db/bin
DERBY_HOME=/usr/lib/jvm/java-14-oracle/db
BUILD_ID=4
XDG_RUNTIME_DIR=/run/user/127
BUILD_TAG=jenkins-1_freestyle-4
JENKINS_URL=http://localhost:8081/
LANG=fr_FR.UTF-8
DESKTOP_MODE=1
JOB_URL=http://localhost:8081/job/1_freestyle/
GIT_URL=/home/dthibau/Formations/Jenkins/MyWork/multi-module
BUILD_NUMBER=4
SHELL=/bin/bash
RUN_DISPLAY_URL=http://localhost:8081/job/1_freestyle/4/display/redirect
HUDSON_SERVER_COOKIE=d2068e5669af7b34
JOB_DISPLAY_URL=http://localhost:8081/job/1_freestyle/display/redirect
JOB_NAME=1_freestyle
PWD=/var/lib/jenkins/workspace/1_freestyle
JAVA_HOME=/usr/lib/jvm/java-1.8.0-openjdk-amd64
XDG_DATA_DIRS=/usr/local/share:/usr/share:/var/lib/snapd/desktop
GIT_PREVIOUS_COMMIT=a280983ea620a792a4072321df4822dcd3aa6167
WORKSPACE_TMP=/var/lib/jenkins/workspace/1_freestyle@tmp
[1_freestyle] $ /var/lib/jenkins/tools/hudson.tasks.Maven_MavenInstallation/M3/bin/mvn clean package
[INFO] Scanning for projects...
[INFO] ------------------------------------------------------------------------
[INFO] Reactor Build Order:
[INFO] 
[INFO] gs-multi-module                                                    [pom]
[INFO] gs-multi-module-library                                            [jar]
[INFO] gs-multi-module-application                                        [jar]
[INFO] 
[INFO] --------------------< com.example:gs-multi-module >---------------------
[INFO] Building gs-multi-module 0.0.3-SNAPSHOT                            [1/3]
[INFO] --------------------------------[ pom ]---------------------------------
[INFO] 
[8mha:////4PSEILynfF0/Bow+qCZ9k/aVniaFyKKUHWMZn7qbQFE2AAAAYB+LCAAAAAAAAP9b85aBtbiIQSmjNKU4P0+vJLE4u1gvPjexLDVPzxdEGvvmZ+X75ZekLlOVfvTjc8FPJgaGiiIGKaiG5Py84vycVD1nCA1SyAABjCCFBQCV27OjYAAAAA==[0m[INFO] --- maven-clean-plugin:3.1.0:clean (default-clean) @ gs-multi-module ---
[INFO] 
[8mha:////4PSEILynfF0/Bow+qCZ9k/aVniaFyKKUHWMZn7qbQFE2AAAAYB+LCAAAAAAAAP9b85aBtbiIQSmjNKU4P0+vJLE4u1gvPjexLDVPzxdEGvvmZ+X75ZekLlOVfvTjc8FPJgaGiiIGKaiG5Py84vycVD1nCA1SyAABjCCFBQCV27OjYAAAAA==[0m[INFO] --- jacoco-maven-plugin:0.7.9:prepare-agent (pre-unit-tests) @ gs-multi-module ---
[INFO] argLine set to -javaagent:/var/lib/jenkins/.m2/repository/org/jacoco/org.jacoco.agent/0.7.9/org.jacoco.agent-0.7.9-runtime.jar=destfile=/var/lib/jenkins/workspace/1_freestyle/target/test-results/coverage/jacoco/jacoco.exec
[INFO] 
[8mha:////4PSEILynfF0/Bow+qCZ9k/aVniaFyKKUHWMZn7qbQFE2AAAAYB+LCAAAAAAAAP9b85aBtbiIQSmjNKU4P0+vJLE4u1gvPjexLDVPzxdEGvvmZ+X75ZekLlOVfvTjc8FPJgaGiiIGKaiG5Py84vycVD1nCA1SyAABjCCFBQCV27OjYAAAAA==[0m[INFO] --- jacoco-maven-plugin:0.7.9:report (post-unit-test) @ gs-multi-module ---
[INFO] Skipping JaCoCo execution due to missing execution data file.
[INFO] 
[INFO] ----------------< com.example:gs-multi-module-library >-----------------
[INFO] Building gs-multi-module-library 0.0.3-SNAPSHOT                    [2/3]
[INFO] --------------------------------[ jar ]---------------------------------
[INFO] 
[8mha:////4PSEILynfF0/Bow+qCZ9k/aVniaFyKKUHWMZn7qbQFE2AAAAYB+LCAAAAAAAAP9b85aBtbiIQSmjNKU4P0+vJLE4u1gvPjexLDVPzxdEGvvmZ+X75ZekLlOVfvTjc8FPJgaGiiIGKaiG5Py84vycVD1nCA1SyAABjCCFBQCV27OjYAAAAA==[0m[INFO] --- maven-clean-plugin:3.1.0:clean (default-clean) @ gs-multi-module-library ---
[INFO] Deleting /var/lib/jenkins/workspace/1_freestyle/library/target
[INFO] 
[8mha:////4PSEILynfF0/Bow+qCZ9k/aVniaFyKKUHWMZn7qbQFE2AAAAYB+LCAAAAAAAAP9b85aBtbiIQSmjNKU4P0+vJLE4u1gvPjexLDVPzxdEGvvmZ+X75ZekLlOVfvTjc8FPJgaGiiIGKaiG5Py84vycVD1nCA1SyAABjCCFBQCV27OjYAAAAA==[0m[INFO] --- jacoco-maven-plugin:0.7.9:prepare-agent (pre-unit-tests) @ gs-multi-module-library ---
[INFO] argLine set to -javaagent:/var/lib/jenkins/.m2/repository/org/jacoco/org.jacoco.agent/0.7.9/org.jacoco.agent-0.7.9-runtime.jar=destfile=/var/lib/jenkins/workspace/1_freestyle/library/target/test-results/coverage/jacoco/jacoco.exec
[INFO] 
[8mha:////4PSEILynfF0/Bow+qCZ9k/aVniaFyKKUHWMZn7qbQFE2AAAAYB+LCAAAAAAAAP9b85aBtbiIQSmjNKU4P0+vJLE4u1gvPjexLDVPzxdEGvvmZ+X75ZekLlOVfvTjc8FPJgaGiiIGKaiG5Py84vycVD1nCA1SyAABjCCFBQCV27OjYAAAAA==[0m[INFO] --- maven-resources-plugin:3.1.0:resources (default-resources) @ gs-multi-module-library ---
[INFO] Using 'UTF-8' encoding to copy filtered resources.
[INFO] skip non existing resourceDirectory /var/lib/jenkins/workspace/1_freestyle/library/src/main/resources
[INFO] skip non existing resourceDirectory /var/lib/jenkins/workspace/1_freestyle/library/src/main/resources
[INFO] 
[8mha:////4PSEILynfF0/Bow+qCZ9k/aVniaFyKKUHWMZn7qbQFE2AAAAYB+LCAAAAAAAAP9b85aBtbiIQSmjNKU4P0+vJLE4u1gvPjexLDVPzxdEGvvmZ+X75ZekLlOVfvTjc8FPJgaGiiIGKaiG5Py84vycVD1nCA1SyAABjCCFBQCV27OjYAAAAA==[0m[INFO] --- maven-compiler-plugin:3.8.1:compile (default-compile) @ gs-multi-module-library ---
[INFO] Changes detected - recompiling the module!
[INFO] Compiling 2 source files to /var/lib/jenkins/workspace/1_freestyle/library/target/classes
[INFO] 
[8mha:////4PSEILynfF0/Bow+qCZ9k/aVniaFyKKUHWMZn7qbQFE2AAAAYB+LCAAAAAAAAP9b85aBtbiIQSmjNKU4P0+vJLE4u1gvPjexLDVPzxdEGvvmZ+X75ZekLlOVfvTjc8FPJgaGiiIGKaiG5Py84vycVD1nCA1SyAABjCCFBQCV27OjYAAAAA==[0m[INFO] --- maven-resources-plugin:3.1.0:testResources (default-testResources) @ gs-multi-module-library ---
[INFO] Using 'UTF-8' encoding to copy filtered resources.
[INFO] skip non existing resourceDirectory /var/lib/jenkins/workspace/1_freestyle/library/src/test/resources
[INFO] 
[8mha:////4PSEILynfF0/Bow+qCZ9k/aVniaFyKKUHWMZn7qbQFE2AAAAYB+LCAAAAAAAAP9b85aBtbiIQSmjNKU4P0+vJLE4u1gvPjexLDVPzxdEGvvmZ+X75ZekLlOVfvTjc8FPJgaGiiIGKaiG5Py84vycVD1nCA1SyAABjCCFBQCV27OjYAAAAA==[0m[INFO] --- maven-compiler-plugin:3.8.1:testCompile (default-testCompile) @ gs-multi-module-library ---
[INFO] Changes detected - recompiling the module!
[INFO] Compiling 1 source file to /var/lib/jenkins/workspace/1_freestyle/library/target/test-classes
[INFO] 
[8mha:////4PSEILynfF0/Bow+qCZ9k/aVniaFyKKUHWMZn7qbQFE2AAAAYB+LCAAAAAAAAP9b85aBtbiIQSmjNKU4P0+vJLE4u1gvPjexLDVPzxdEGvvmZ+X75ZekLlOVfvTjc8FPJgaGiiIGKaiG5Py84vycVD1nCA1SyAABjCCFBQCV27OjYAAAAA==[0m[INFO] --- maven-surefire-plugin:2.22.2:test (default-test) @ gs-multi-module-library ---
[INFO] 
[INFO] -------------------------------------------------------
[INFO]  T E S T S
[INFO] -------------------------------------------------------
[INFO] Running hello.service.MyServiceTest
15:14:13.321 [main] DEBUG org.springframework.test.context.junit4.SpringJUnit4ClassRunner - SpringJUnit4ClassRunner constructor called with [class hello.service.MyServiceTest]
15:14:13.330 [main] DEBUG org.springframework.test.context.BootstrapUtils - Instantiating CacheAwareContextLoaderDelegate from class [org.springframework.test.context.cache.DefaultCacheAwareContextLoaderDelegate]
15:14:13.344 [main] DEBUG org.springframework.test.context.BootstrapUtils - Instantiating BootstrapContext using constructor [public org.springframework.test.context.support.DefaultBootstrapContext(java.lang.Class,org.springframework.test.context.CacheAwareContextLoaderDelegate)]
15:14:13.385 [main] DEBUG org.springframework.test.context.BootstrapUtils - Instantiating TestContextBootstrapper for test class [hello.service.MyServiceTest] from class [org.springframework.boot.test.context.SpringBootTestContextBootstrapper]
15:14:13.407 [main] INFO org.springframework.boot.test.context.SpringBootTestContextBootstrapper - Neither @ContextConfiguration nor @ContextHierarchy found for test class [hello.service.MyServiceTest], using SpringBootContextLoader
15:14:13.416 [main] DEBUG org.springframework.test.context.support.AbstractContextLoader - Did not detect default resource location for test class [hello.service.MyServiceTest]: class path resource [hello/service/MyServiceTest-context.xml] does not exist
15:14:13.417 [main] DEBUG org.springframework.test.context.support.AbstractContextLoader - Did not detect default resource location for test class [hello.service.MyServiceTest]: class path resource [hello/service/MyServiceTestContext.groovy] does not exist
15:14:13.417 [main] INFO org.springframework.test.context.support.AbstractContextLoader - Could not detect default resource locations for test class [hello.service.MyServiceTest]: no resource found for suffixes {-context.xml, Context.groovy}.
15:14:13.502 [main] DEBUG org.springframework.test.context.support.ActiveProfilesUtils - Could not find an 'annotation declaring class' for annotation type [org.springframework.test.context.ActiveProfiles] and class [hello.service.MyServiceTest]
15:14:13.692 [main] DEBUG org.springframework.boot.test.context.SpringBootTestContextBootstrapper - @TestExecutionListeners is not present for class [hello.service.MyServiceTest]: using defaults.
15:14:13.693 [main] INFO org.springframework.boot.test.context.SpringBootTestContextBootstrapper - Loaded default TestExecutionListener class names from location [META-INF/spring.factories]: [org.springframework.boot.test.mock.mockito.MockitoTestExecutionListener, org.springframework.boot.test.mock.mockito.ResetMocksTestExecutionListener, org.springframework.boot.test.autoconfigure.restdocs.RestDocsTestExecutionListener, org.springframework.boot.test.autoconfigure.web.client.MockRestServiceServerResetTestExecutionListener, org.springframework.boot.test.autoconfigure.web.servlet.MockMvcPrintOnlyOnFailureTestExecutionListener, org.springframework.boot.test.autoconfigure.web.servlet.WebDriverTestExecutionListener, org.springframework.test.context.web.ServletTestExecutionListener, org.springframework.test.context.support.DirtiesContextBeforeModesTestExecutionListener, org.springframework.test.context.support.DependencyInjectionTestExecutionListener, org.springframework.test.context.support.DirtiesContextTestExecutionListener, org.springframework.test.context.transaction.TransactionalTestExecutionListener, org.springframework.test.context.jdbc.SqlScriptsTestExecutionListener]
15:14:13.711 [main] DEBUG org.springframework.boot.test.context.SpringBootTestContextBootstrapper - Skipping candidate TestExecutionListener [org.springframework.test.context.web.ServletTestExecutionListener] due to a missing dependency. Specify custom listener classes or make the default listener classes and their required dependencies available. Offending class: [javax/servlet/ServletContext]
15:14:13.714 [main] DEBUG org.springframework.boot.test.context.SpringBootTestContextBootstrapper - Skipping candidate TestExecutionListener [org.springframework.test.context.transaction.TransactionalTestExecutionListener] due to a missing dependency. Specify custom listener classes or make the default listener classes and their required dependencies available. Offending class: [org/springframework/transaction/TransactionDefinition]
15:14:13.715 [main] DEBUG org.springframework.boot.test.context.SpringBootTestContextBootstrapper - Skipping candidate TestExecutionListener [org.springframework.test.context.jdbc.SqlScriptsTestExecutionListener] due to a missing dependency. Specify custom listener classes or make the default listener classes and their required dependencies available. Offending class: [org/springframework/transaction/interceptor/TransactionAttribute]
15:14:13.715 [main] INFO org.springframework.boot.test.context.SpringBootTestContextBootstrapper - Using TestExecutionListeners: [org.springframework.test.context.support.DirtiesContextBeforeModesTestExecutionListener@77bc2e16, org.springframework.boot.test.mock.mockito.MockitoTestExecutionListener@48e8c32a, org.springframework.boot.test.autoconfigure.SpringBootDependencyInjectionTestExecutionListener@20a7953c, org.springframework.test.context.support.DirtiesContextTestExecutionListener@57c00115, org.springframework.boot.test.mock.mockito.ResetMocksTestExecutionListener@411a5965, org.springframework.boot.test.autoconfigure.restdocs.RestDocsTestExecutionListener@4fe533ff, org.springframework.boot.test.autoconfigure.web.client.MockRestServiceServerResetTestExecutionListener@5377414a, org.springframework.boot.test.autoconfigure.web.servlet.MockMvcPrintOnlyOnFailureTestExecutionListener@4e83a98, org.springframework.boot.test.autoconfigure.web.servlet.WebDriverTestExecutionListener@17aa8a11]
15:14:13.718 [main] DEBUG org.springframework.test.annotation.ProfileValueUtils - Retrieved @ProfileValueSourceConfiguration [null] for test class [hello.service.MyServiceTest]
15:14:13.718 [main] DEBUG org.springframework.test.annotation.ProfileValueUtils - Retrieved ProfileValueSource type [class org.springframework.test.annotation.SystemProfileValueSource] for class [hello.service.MyServiceTest]
15:14:13.721 [main] DEBUG org.springframework.test.annotation.ProfileValueUtils - Retrieved @ProfileValueSourceConfiguration [null] for test class [hello.service.MyServiceTest]
15:14:13.721 [main] DEBUG org.springframework.test.annotation.ProfileValueUtils - Retrieved ProfileValueSource type [class org.springframework.test.annotation.SystemProfileValueSource] for class [hello.service.MyServiceTest]
15:14:13.722 [main] DEBUG org.springframework.test.annotation.ProfileValueUtils - Retrieved @ProfileValueSourceConfiguration [null] for test class [hello.service.MyServiceTest]
15:14:13.722 [main] DEBUG org.springframework.test.annotation.ProfileValueUtils - Retrieved ProfileValueSource type [class org.springframework.test.annotation.SystemProfileValueSource] for class [hello.service.MyServiceTest]
15:14:13.728 [main] DEBUG org.springframework.test.context.support.AbstractDirtiesContextTestExecutionListener - Before test class: context [DefaultTestContext@6aa7b67f testClass = MyServiceTest, testInstance = [null], testMethod = [null], testException = [null], mergedContextConfiguration = [MergedContextConfiguration@6bcc3f27 testClass = MyServiceTest, locations = '{}', classes = '{class hello.service.MyServiceTest$TestConfiguration}', contextInitializerClasses = '[]', activeProfiles = '{}', propertySourceLocations = '{}', propertySourceProperties = '{service.message=Hello, org.springframework.boot.test.context.SpringBootTestContextBootstrapper=true}', contextCustomizers = set[org.springframework.boot.test.context.filter.ExcludeFilterContextCustomizer@706cb08, org.springframework.boot.test.json.DuplicateJsonObjectContextCustomizerFactory$DuplicateJsonObjectContextCustomizer@652ab8d9, org.springframework.boot.test.mock.mockito.MockitoContextCustomizer@0, org.springframework.boot.test.web.client.TestRestTemplateContextCustomizer@14e2e1c3, org.springframework.boot.test.autoconfigure.properties.PropertyMappingContextCustomizer@0, org.springframework.boot.test.autoconfigure.web.servlet.WebDriverContextCustomizerFactory$Customizer@333cb916], contextLoader = 'org.springframework.boot.test.context.SpringBootContextLoader', parent = [null]], attributes = map[[empty]]], class annotated with @DirtiesContext [false] with mode [null].
15:14:13.730 [main] DEBUG org.springframework.test.annotation.ProfileValueUtils - Retrieved @ProfileValueSourceConfiguration [null] for test class [hello.service.MyServiceTest]
15:14:13.730 [main] DEBUG org.springframework.test.annotation.ProfileValueUtils - Retrieved ProfileValueSource type [class org.springframework.test.annotation.SystemProfileValueSource] for class [hello.service.MyServiceTest]
15:14:13.737 [main] DEBUG org.springframework.test.context.support.DependencyInjectionTestExecutionListener - Performing dependency injection for test context [[DefaultTestContext@6aa7b67f testClass = MyServiceTest, testInstance = hello.service.MyServiceTest@4364863, testMethod = [null], testException = [null], mergedContextConfiguration = [MergedContextConfiguration@6bcc3f27 testClass = MyServiceTest, locations = '{}', classes = '{class hello.service.MyServiceTest$TestConfiguration}', contextInitializerClasses = '[]', activeProfiles = '{}', propertySourceLocations = '{}', propertySourceProperties = '{service.message=Hello, org.springframework.boot.test.context.SpringBootTestContextBootstrapper=true}', contextCustomizers = set[org.springframework.boot.test.context.filter.ExcludeFilterContextCustomizer@706cb08, org.springframework.boot.test.json.DuplicateJsonObjectContextCustomizerFactory$DuplicateJsonObjectContextCustomizer@652ab8d9, org.springframework.boot.test.mock.mockito.MockitoContextCustomizer@0, org.springframework.boot.test.web.client.TestRestTemplateContextCustomizer@14e2e1c3, org.springframework.boot.test.autoconfigure.properties.PropertyMappingContextCustomizer@0, org.springframework.boot.test.autoconfigure.web.servlet.WebDriverContextCustomizerFactory$Customizer@333cb916], contextLoader = 'org.springframework.boot.test.context.SpringBootContextLoader', parent = [null]], attributes = map[[empty]]]].
15:14:13.786 [main] DEBUG org.springframework.test.context.support.TestPropertySourceUtils - Adding inlined properties to environment: {spring.jmx.enabled=false, service.message=Hello, org.springframework.boot.test.context.SpringBootTestContextBootstrapper=true, server.port=-1}

  .   ____          _            __ _ _
 /\\ / ___'_ __ _ _(_)_ __  __ _ \ \ \ \
( ( )\___ | '_ | '_| | '_ \/ _` | \ \ \ \
 \\/  ___)| |_)| | | | | || (_| |  ) ) ) )
  '  |____| .__|_| |_|_| |_\__, | / / / /
 =========|_|==============|___/=/_/_/_/
 :: Spring Boot ::        (v2.1.6.RELEASE)

2021-04-14 15:14:14.121  INFO 2395 --- [           main] hello.service.MyServiceTest              : Starting MyServiceTest on dthibau-XPS-13-7390 with PID 2395 (started by jenkins in /var/lib/jenkins/workspace/1_freestyle/library)
2021-04-14 15:14:14.123  INFO 2395 --- [           main] hello.service.MyServiceTest              : No active profile set, falling back to default profiles: default
2021-04-14 15:14:14.990  INFO 2395 --- [           main] hello.service.MyServiceTest              : Started MyServiceTest in 1.201 seconds (JVM running for 2.254)
About to return : Hello
[INFO] Tests run: 1, Failures: 0, Errors: 0, Skipped: 0, Time elapsed: 2.167 s - in hello.service.MyServiceTest
[INFO] 
[INFO] Results:
[INFO] 
[INFO] Tests run: 1, Failures: 0, Errors: 0, Skipped: 0
[INFO] 
[INFO] 
[8mha:////4PSEILynfF0/Bow+qCZ9k/aVniaFyKKUHWMZn7qbQFE2AAAAYB+LCAAAAAAAAP9b85aBtbiIQSmjNKU4P0+vJLE4u1gvPjexLDVPzxdEGvvmZ+X75ZekLlOVfvTjc8FPJgaGiiIGKaiG5Py84vycVD1nCA1SyAABjCCFBQCV27OjYAAAAA==[0m[INFO] --- jacoco-maven-plugin:0.7.9:report (post-unit-test) @ gs-multi-module-library ---
[INFO] Loading execution data file /var/lib/jenkins/workspace/1_freestyle/library/target/test-results/coverage/jacoco/jacoco.exec
[INFO] Analyzed bundle 'gs-multi-module-library' with 2 classes
[INFO] 
[8mha:////4PSEILynfF0/Bow+qCZ9k/aVniaFyKKUHWMZn7qbQFE2AAAAYB+LCAAAAAAAAP9b85aBtbiIQSmjNKU4P0+vJLE4u1gvPjexLDVPzxdEGvvmZ+X75ZekLlOVfvTjc8FPJgaGiiIGKaiG5Py84vycVD1nCA1SyAABjCCFBQCV27OjYAAAAA==[0m[INFO] --- maven-jar-plugin:3.1.2:jar (default-jar) @ gs-multi-module-library ---
[INFO] Building jar: /var/lib/jenkins/workspace/1_freestyle/library/target/gs-multi-module-library-0.0.3-SNAPSHOT.jar
[INFO] 
[INFO] --------------< com.example:gs-multi-module-application >---------------
[INFO] Building gs-multi-module-application 0.0.3-SNAPSHOT                [3/3]
[INFO] --------------------------------[ jar ]---------------------------------
[INFO] 
[8mha:////4PSEILynfF0/Bow+qCZ9k/aVniaFyKKUHWMZn7qbQFE2AAAAYB+LCAAAAAAAAP9b85aBtbiIQSmjNKU4P0+vJLE4u1gvPjexLDVPzxdEGvvmZ+X75ZekLlOVfvTjc8FPJgaGiiIGKaiG5Py84vycVD1nCA1SyAABjCCFBQCV27OjYAAAAA==[0m[INFO] --- maven-clean-plugin:3.1.0:clean (default-clean) @ gs-multi-module-application ---
[INFO] Deleting /var/lib/jenkins/workspace/1_freestyle/application/target
[INFO] 
[8mha:////4PSEILynfF0/Bow+qCZ9k/aVniaFyKKUHWMZn7qbQFE2AAAAYB+LCAAAAAAAAP9b85aBtbiIQSmjNKU4P0+vJLE4u1gvPjexLDVPzxdEGvvmZ+X75ZekLlOVfvTjc8FPJgaGiiIGKaiG5Py84vycVD1nCA1SyAABjCCFBQCV27OjYAAAAA==[0m[INFO] --- jacoco-maven-plugin:0.7.9:prepare-agent (pre-unit-tests) @ gs-multi-module-application ---
[INFO] argLine set to -javaagent:/var/lib/jenkins/.m2/repository/org/jacoco/org.jacoco.agent/0.7.9/org.jacoco.agent-0.7.9-runtime.jar=destfile=/var/lib/jenkins/workspace/1_freestyle/application/target/test-results/coverage/jacoco/jacoco.exec
[INFO] 
[8mha:////4PSEILynfF0/Bow+qCZ9k/aVniaFyKKUHWMZn7qbQFE2AAAAYB+LCAAAAAAAAP9b85aBtbiIQSmjNKU4P0+vJLE4u1gvPjexLDVPzxdEGvvmZ+X75ZekLlOVfvTjc8FPJgaGiiIGKaiG5Py84vycVD1nCA1SyAABjCCFBQCV27OjYAAAAA==[0m[INFO] --- maven-resources-plugin:3.1.0:resources (default-resources) @ gs-multi-module-application ---
[INFO] Using 'UTF-8' encoding to copy filtered resources.
[INFO] Copying 1 resource
[INFO] skip non existing resourceDirectory /var/lib/jenkins/workspace/1_freestyle/application/src/main/docker
[INFO] 
[8mha:////4PSEILynfF0/Bow+qCZ9k/aVniaFyKKUHWMZn7qbQFE2AAAAYB+LCAAAAAAAAP9b85aBtbiIQSmjNKU4P0+vJLE4u1gvPjexLDVPzxdEGvvmZ+X75ZekLlOVfvTjc8FPJgaGiiIGKaiG5Py84vycVD1nCA1SyAABjCCFBQCV27OjYAAAAA==[0m[INFO] --- maven-compiler-plugin:3.8.1:compile (default-compile) @ gs-multi-module-application ---
[INFO] Changes detected - recompiling the module!
[INFO] Compiling 1 source file to /var/lib/jenkins/workspace/1_freestyle/application/target/classes
[INFO] 
[8mha:////4PSEILynfF0/Bow+qCZ9k/aVniaFyKKUHWMZn7qbQFE2AAAAYB+LCAAAAAAAAP9b85aBtbiIQSmjNKU4P0+vJLE4u1gvPjexLDVPzxdEGvvmZ+X75ZekLlOVfvTjc8FPJgaGiiIGKaiG5Py84vycVD1nCA1SyAABjCCFBQCV27OjYAAAAA==[0m[INFO] --- maven-resources-plugin:3.1.0:testResources (default-testResources) @ gs-multi-module-application ---
[INFO] Using 'UTF-8' encoding to copy filtered resources.
[INFO] skip non existing resourceDirectory /var/lib/jenkins/workspace/1_freestyle/application/src/test/resources
[INFO] 
[8mha:////4PSEILynfF0/Bow+qCZ9k/aVniaFyKKUHWMZn7qbQFE2AAAAYB+LCAAAAAAAAP9b85aBtbiIQSmjNKU4P0+vJLE4u1gvPjexLDVPzxdEGvvmZ+X75ZekLlOVfvTjc8FPJgaGiiIGKaiG5Py84vycVD1nCA1SyAABjCCFBQCV27OjYAAAAA==[0m[INFO] --- maven-compiler-plugin:3.8.1:testCompile (default-testCompile) @ gs-multi-module-application ---
[INFO] Changes detected - recompiling the module!
[INFO] Compiling 1 source file to /var/lib/jenkins/workspace/1_freestyle/application/target/test-classes
[INFO] 
[8mha:////4PSEILynfF0/Bow+qCZ9k/aVniaFyKKUHWMZn7qbQFE2AAAAYB+LCAAAAAAAAP9b85aBtbiIQSmjNKU4P0+vJLE4u1gvPjexLDVPzxdEGvvmZ+X75ZekLlOVfvTjc8FPJgaGiiIGKaiG5Py84vycVD1nCA1SyAABjCCFBQCV27OjYAAAAA==[0m[INFO] --- maven-surefire-plugin:2.22.2:test (default-test) @ gs-multi-module-application ---
[INFO] 
[INFO] -------------------------------------------------------
[INFO]  T E S T S
[INFO] -------------------------------------------------------
[INFO] Running hello.app.DemoApplicationTest
15:14:16.926 [main] DEBUG org.springframework.test.context.junit4.SpringJUnit4ClassRunner - SpringJUnit4ClassRunner constructor called with [class hello.app.DemoApplicationTest]
15:14:16.941 [main] DEBUG org.springframework.test.context.BootstrapUtils - Instantiating CacheAwareContextLoaderDelegate from class [org.springframework.test.context.cache.DefaultCacheAwareContextLoaderDelegate]
15:14:16.959 [main] DEBUG org.springframework.test.context.BootstrapUtils - Instantiating BootstrapContext using constructor [public org.springframework.test.context.support.DefaultBootstrapContext(java.lang.Class,org.springframework.test.context.CacheAwareContextLoaderDelegate)]
15:14:16.997 [main] DEBUG org.springframework.test.context.BootstrapUtils - Instantiating TestContextBootstrapper for test class [hello.app.DemoApplicationTest] from class [org.springframework.boot.test.context.SpringBootTestContextBootstrapper]
15:14:17.019 [main] INFO org.springframework.boot.test.context.SpringBootTestContextBootstrapper - Neither @ContextConfiguration nor @ContextHierarchy found for test class [hello.app.DemoApplicationTest], using SpringBootContextLoader
15:14:17.027 [main] DEBUG org.springframework.test.context.support.AbstractContextLoader - Did not detect default resource location for test class [hello.app.DemoApplicationTest]: class path resource [hello/app/DemoApplicationTest-context.xml] does not exist
15:14:17.028 [main] DEBUG org.springframework.test.context.support.AbstractContextLoader - Did not detect default resource location for test class [hello.app.DemoApplicationTest]: class path resource [hello/app/DemoApplicationTestContext.groovy] does not exist
15:14:17.028 [main] INFO org.springframework.test.context.support.AbstractContextLoader - Could not detect default resource locations for test class [hello.app.DemoApplicationTest]: no resource found for suffixes {-context.xml, Context.groovy}.
15:14:17.031 [main] INFO org.springframework.test.context.support.AnnotationConfigContextLoaderUtils - Could not detect default configuration classes for test class [hello.app.DemoApplicationTest]: DemoApplicationTest does not declare any static, non-private, non-final, nested classes annotated with @Configuration.
15:14:17.109 [main] DEBUG org.springframework.test.context.support.ActiveProfilesUtils - Could not find an 'annotation declaring class' for annotation type [org.springframework.test.context.ActiveProfiles] and class [hello.app.DemoApplicationTest]
15:14:17.241 [main] DEBUG org.springframework.context.annotation.ClassPathScanningCandidateComponentProvider - Identified candidate component class: file [/var/lib/jenkins/workspace/1_freestyle/application/target/classes/hello/app/DemoApplication.class]
15:14:17.243 [main] INFO org.springframework.boot.test.context.SpringBootTestContextBootstrapper - Found @SpringBootConfiguration hello.app.DemoApplication for test class hello.app.DemoApplicationTest
15:14:17.421 [main] DEBUG org.springframework.boot.test.context.SpringBootTestContextBootstrapper - @TestExecutionListeners is not present for class [hello.app.DemoApplicationTest]: using defaults.
15:14:17.422 [main] INFO org.springframework.boot.test.context.SpringBootTestContextBootstrapper - Loaded default TestExecutionListener class names from location [META-INF/spring.factories]: [org.springframework.boot.test.mock.mockito.MockitoTestExecutionListener, org.springframework.boot.test.mock.mockito.ResetMocksTestExecutionListener, org.springframework.boot.test.autoconfigure.restdocs.RestDocsTestExecutionListener, org.springframework.boot.test.autoconfigure.web.client.MockRestServiceServerResetTestExecutionListener, org.springframework.boot.test.autoconfigure.web.servlet.MockMvcPrintOnlyOnFailureTestExecutionListener, org.springframework.boot.test.autoconfigure.web.servlet.WebDriverTestExecutionListener, org.springframework.test.context.web.ServletTestExecutionListener, org.springframework.test.context.support.DirtiesContextBeforeModesTestExecutionListener, org.springframework.test.context.support.DependencyInjectionTestExecutionListener, org.springframework.test.context.support.DirtiesContextTestExecutionListener, org.springframework.test.context.transaction.TransactionalTestExecutionListener, org.springframework.test.context.jdbc.SqlScriptsTestExecutionListener]
15:14:17.444 [main] DEBUG org.springframework.boot.test.context.SpringBootTestContextBootstrapper - Skipping candidate TestExecutionListener [org.springframework.test.context.transaction.TransactionalTestExecutionListener] due to a missing dependency. Specify custom listener classes or make the default listener classes and their required dependencies available. Offending class: [org/springframework/transaction/TransactionDefinition]
15:14:17.444 [main] DEBUG org.springframework.boot.test.context.SpringBootTestContextBootstrapper - Skipping candidate TestExecutionListener [org.springframework.test.context.jdbc.SqlScriptsTestExecutionListener] due to a missing dependency. Specify custom listener classes or make the default listener classes and their required dependencies available. Offending class: [org/springframework/transaction/interceptor/TransactionAttribute]
15:14:17.445 [main] INFO org.springframework.boot.test.context.SpringBootTestContextBootstrapper - Using TestExecutionListeners: [org.springframework.test.context.web.ServletTestExecutionListener@7ca492d9, org.springframework.test.context.support.DirtiesContextBeforeModesTestExecutionListener@14fc9bd, org.springframework.boot.test.mock.mockito.MockitoTestExecutionListener@7ed49a7f, org.springframework.boot.test.autoconfigure.SpringBootDependencyInjectionTestExecutionListener@1cd6b1bd, org.springframework.test.context.support.DirtiesContextTestExecutionListener@443cdaa4, org.springframework.boot.test.mock.mockito.ResetMocksTestExecutionListener@3b41e1bf, org.springframework.boot.test.autoconfigure.restdocs.RestDocsTestExecutionListener@619c93ca, org.springframework.boot.test.autoconfigure.web.client.MockRestServiceServerResetTestExecutionListener@486e9d1d, org.springframework.boot.test.autoconfigure.web.servlet.MockMvcPrintOnlyOnFailureTestExecutionListener@6aa5974e, org.springframework.boot.test.autoconfigure.web.servlet.WebDriverTestExecutionListener@5e5ddfbc]
15:14:17.447 [main] DEBUG org.springframework.test.annotation.ProfileValueUtils - Retrieved @ProfileValueSourceConfiguration [null] for test class [hello.app.DemoApplicationTest]
15:14:17.448 [main] DEBUG org.springframework.test.annotation.ProfileValueUtils - Retrieved ProfileValueSource type [class org.springframework.test.annotation.SystemProfileValueSource] for class [hello.app.DemoApplicationTest]
15:14:17.450 [main] DEBUG org.springframework.test.annotation.ProfileValueUtils - Retrieved @ProfileValueSourceConfiguration [null] for test class [hello.app.DemoApplicationTest]
15:14:17.451 [main] DEBUG org.springframework.test.annotation.ProfileValueUtils - Retrieved ProfileValueSource type [class org.springframework.test.annotation.SystemProfileValueSource] for class [hello.app.DemoApplicationTest]
15:14:17.452 [main] DEBUG org.springframework.test.annotation.ProfileValueUtils - Retrieved @ProfileValueSourceConfiguration [null] for test class [hello.app.DemoApplicationTest]
15:14:17.452 [main] DEBUG org.springframework.test.annotation.ProfileValueUtils - Retrieved ProfileValueSource type [class org.springframework.test.annotation.SystemProfileValueSource] for class [hello.app.DemoApplicationTest]
15:14:17.461 [main] DEBUG org.springframework.test.context.support.AbstractDirtiesContextTestExecutionListener - Before test class: context [DefaultTestContext@6f85ee02 testClass = DemoApplicationTest, testInstance = [null], testMethod = [null], testException = [null], mergedContextConfiguration = [WebMergedContextConfiguration@679d0be8 testClass = DemoApplicationTest, locations = '{}', classes = '{class hello.app.DemoApplication}', contextInitializerClasses = '[]', activeProfiles = '{}', propertySourceLocations = '{}', propertySourceProperties = '{org.springframework.boot.test.context.SpringBootTestContextBootstrapper=true}', contextCustomizers = set[org.springframework.boot.test.context.filter.ExcludeFilterContextCustomizer@7d755813, org.springframework.boot.test.json.DuplicateJsonObjectContextCustomizerFactory$DuplicateJsonObjectContextCustomizer@4e25147a, org.springframework.boot.test.mock.mockito.MockitoContextCustomizer@0, org.springframework.boot.test.web.client.TestRestTemplateContextCustomizer@4567e53d, org.springframework.boot.test.autoconfigure.properties.PropertyMappingContextCustomizer@0, org.springframework.boot.test.autoconfigure.web.servlet.WebDriverContextCustomizerFactory$Customizer@153d4abb], resourceBasePath = 'src/main/webapp', contextLoader = 'org.springframework.boot.test.context.SpringBootContextLoader', parent = [null]], attributes = map['org.springframework.test.context.web.ServletTestExecutionListener.activateListener' -> true]], class annotated with @DirtiesContext [false] with mode [null].
15:14:17.462 [main] DEBUG org.springframework.test.annotation.ProfileValueUtils - Retrieved @ProfileValueSourceConfiguration [null] for test class [hello.app.DemoApplicationTest]
15:14:17.462 [main] DEBUG org.springframework.test.annotation.ProfileValueUtils - Retrieved ProfileValueSource type [class org.springframework.test.annotation.SystemProfileValueSource] for class [hello.app.DemoApplicationTest]
15:14:17.507 [main] DEBUG org.springframework.test.context.support.TestPropertySourceUtils - Adding inlined properties to environment: {spring.jmx.enabled=false, org.springframework.boot.test.context.SpringBootTestContextBootstrapper=true, server.port=-1}

  .   ____          _            __ _ _
 /\\ / ___'_ __ _ _(_)_ __  __ _ \ \ \ \
( ( )\___ | '_ | '_| | '_ \/ _` | \ \ \ \
 \\/  ___)| |_)| | | | | || (_| |  ) ) ) )
  '  |____| .__|_| |_|_| |_\__, | / / / /
 =========|_|==============|___/=/_/_/_/
 :: Spring Boot ::        (v2.1.6.RELEASE)

2021-04-14 15:14:17.840  INFO 2450 --- [           main] hello.app.DemoApplicationTest            : Starting DemoApplicationTest on dthibau-XPS-13-7390 with PID 2450 (started by jenkins in /var/lib/jenkins/workspace/1_freestyle/application)
2021-04-14 15:14:17.842  INFO 2450 --- [           main] hello.app.DemoApplicationTest            : No active profile set, falling back to default profiles: default
2021-04-14 15:14:21.525  INFO 2450 --- [           main] o.s.s.concurrent.ThreadPoolTaskExecutor  : Initializing ExecutorService 'applicationTaskExecutor'
2021-04-14 15:14:22.867  INFO 2450 --- [           main] o.s.b.a.e.web.EndpointLinksResolver      : Exposing 2 endpoint(s) beneath base path '/actuator'
2021-04-14 15:14:22.978  INFO 2450 --- [           main] hello.app.DemoApplicationTest            : Started DemoApplicationTest in 5.449 seconds (JVM running for 6.723)
[8mha:////4GDj9ZAG2XbxkE0sQjqKquFHbcXeopv1uYx9W0fSwCACAAAAYB+LCAAAAAAAAP9b85aBtbiIQSmjNKU4P0+vJLE4u1gvPjexLDVPzxdEuhYV5Rf55ZekOlc7RKnPKH7IxMBQUcQgBdWQnJ9XnJ+TqucMoUEKGSCAEaSwAACsNFCqYAAAAA==[0m[ERROR] Tests run: 1, Failures: 1, Errors: 0, Skipped: 0, Time elapsed: 6.864 s <<< FAILURE! - in hello.app.DemoApplicationTest
[8mha:////4GDj9ZAG2XbxkE0sQjqKquFHbcXeopv1uYx9W0fSwCACAAAAYB+LCAAAAAAAAP9b85aBtbiIQSmjNKU4P0+vJLE4u1gvPjexLDVPzxdEuhYV5Rf55ZekOlc7RKnPKH7IxMBQUcQgBdWQnJ9XnJ+TqucMoUEKGSCAEaSwAACsNFCqYAAAAA==[0m[ERROR] contextLoads(hello.app.DemoApplicationTest)  Time elapsed: 0.526 s  <<< FAILURE!
org.junit.ComparisonFailure: expected:<null> but was:<hello.service.MyService@5739cbc8>
	at hello.app.DemoApplicationTest.contextLoads(DemoApplicationTest.java:22)

2021-04-14 15:14:23.580  INFO 2450 --- [       Thread-3] o.s.s.concurrent.ThreadPoolTaskExecutor  : Shutting down ExecutorService 'applicationTaskExecutor'
[INFO] 
[INFO] Results:
[INFO] 
[8mha:////4GDj9ZAG2XbxkE0sQjqKquFHbcXeopv1uYx9W0fSwCACAAAAYB+LCAAAAAAAAP9b85aBtbiIQSmjNKU4P0+vJLE4u1gvPjexLDVPzxdEuhYV5Rf55ZekOlc7RKnPKH7IxMBQUcQgBdWQnJ9XnJ+TqucMoUEKGSCAEaSwAACsNFCqYAAAAA==[0m[ERROR] Failures: 
[8mha:////4GDj9ZAG2XbxkE0sQjqKquFHbcXeopv1uYx9W0fSwCACAAAAYB+LCAAAAAAAAP9b85aBtbiIQSmjNKU4P0+vJLE4u1gvPjexLDVPzxdEuhYV5Rf55ZekOlc7RKnPKH7IxMBQUcQgBdWQnJ9XnJ+TqucMoUEKGSCAEaSwAACsNFCqYAAAAA==[0m[ERROR]   DemoApplicationTest.contextLoads:22 expected:<null> but was:<hello.service.MyService@5739cbc8>
[INFO] 
[8mha:////4GDj9ZAG2XbxkE0sQjqKquFHbcXeopv1uYx9W0fSwCACAAAAYB+LCAAAAAAAAP9b85aBtbiIQSmjNKU4P0+vJLE4u1gvPjexLDVPzxdEuhYV5Rf55ZekOlc7RKnPKH7IxMBQUcQgBdWQnJ9XnJ+TqucMoUEKGSCAEaSwAACsNFCqYAAAAA==[0m[ERROR] Tests run: 1, Failures: 1, Errors: 0, Skipped: 0
[INFO] 
[INFO] ------------------------------------------------------------------------
[INFO] Reactor Summary for gs-multi-module 0.0.3-SNAPSHOT:
[INFO] 
[INFO] gs-multi-module .................................... SUCCESS [  0.608 s]
[INFO] gs-multi-module-library ............................ SUCCESS [  4.818 s]
[INFO] gs-multi-module-application ........................ FAILURE [  7.976 s]
[INFO] ------------------------------------------------------------------------
[INFO] BUILD FAILURE
[INFO] ------------------------------------------------------------------------
[INFO] Total time:  13.591 s
[INFO] Finished at: 2021-04-14T15:14:24+02:00
[INFO] ------------------------------------------------------------------------
[8mha:////4GDj9ZAG2XbxkE0sQjqKquFHbcXeopv1uYx9W0fSwCACAAAAYB+LCAAAAAAAAP9b85aBtbiIQSmjNKU4P0+vJLE4u1gvPjexLDVPzxdEuhYV5Rf55ZekOlc7RKnPKH7IxMBQUcQgBdWQnJ9XnJ+TqucMoUEKGSCAEaSwAACsNFCqYAAAAA==[0m[ERROR] Failed to execute goal org.apache.maven.plugins:maven-surefire-plugin:2.22.2:test (default-test) on project gs-multi-module-application: There are test failures.
[8mha:////4GDj9ZAG2XbxkE0sQjqKquFHbcXeopv1uYx9W0fSwCACAAAAYB+LCAAAAAAAAP9b85aBtbiIQSmjNKU4P0+vJLE4u1gvPjexLDVPzxdEuhYV5Rf55ZekOlc7RKnPKH7IxMBQUcQgBdWQnJ9XnJ+TqucMoUEKGSCAEaSwAACsNFCqYAAAAA==[0m[ERROR] 
[8mha:////4GDj9ZAG2XbxkE0sQjqKquFHbcXeopv1uYx9W0fSwCACAAAAYB+LCAAAAAAAAP9b85aBtbiIQSmjNKU4P0+vJLE4u1gvPjexLDVPzxdEuhYV5Rf55ZekOlc7RKnPKH7IxMBQUcQgBdWQnJ9XnJ+TqucMoUEKGSCAEaSwAACsNFCqYAAAAA==[0m[ERROR] Please refer to /var/lib/jenkins/workspace/1_freestyle/application/target/surefire-reports for the individual test results.
[8mha:////4GDj9ZAG2XbxkE0sQjqKquFHbcXeopv1uYx9W0fSwCACAAAAYB+LCAAAAAAAAP9b85aBtbiIQSmjNKU4P0+vJLE4u1gvPjexLDVPzxdEuhYV5Rf55ZekOlc7RKnPKH7IxMBQUcQgBdWQnJ9XnJ+TqucMoUEKGSCAEaSwAACsNFCqYAAAAA==[0m[ERROR] Please refer to dump files (if any exist) [date].dump, [date]-jvmRun[N].dump and [date].dumpstream.
[8mha:////4GDj9ZAG2XbxkE0sQjqKquFHbcXeopv1uYx9W0fSwCACAAAAYB+LCAAAAAAAAP9b85aBtbiIQSmjNKU4P0+vJLE4u1gvPjexLDVPzxdEuhYV5Rf55ZekOlc7RKnPKH7IxMBQUcQgBdWQnJ9XnJ+TqucMoUEKGSCAEaSwAACsNFCqYAAAAA==[0m[ERROR] -> [Help 1]
[8mha:////4GDj9ZAG2XbxkE0sQjqKquFHbcXeopv1uYx9W0fSwCACAAAAYB+LCAAAAAAAAP9b85aBtbiIQSmjNKU4P0+vJLE4u1gvPjexLDVPzxdEuhYV5Rf55ZekOlc7RKnPKH7IxMBQUcQgBdWQnJ9XnJ+TqucMoUEKGSCAEaSwAACsNFCqYAAAAA==[0m[ERROR] 
[8mha:////4GDj9ZAG2XbxkE0sQjqKquFHbcXeopv1uYx9W0fSwCACAAAAYB+LCAAAAAAAAP9b85aBtbiIQSmjNKU4P0+vJLE4u1gvPjexLDVPzxdEuhYV5Rf55ZekOlc7RKnPKH7IxMBQUcQgBdWQnJ9XnJ+TqucMoUEKGSCAEaSwAACsNFCqYAAAAA==[0m[ERROR] To see the full stack trace of the errors, re-run Maven with the -e switch.
[8mha:////4GDj9ZAG2XbxkE0sQjqKquFHbcXeopv1uYx9W0fSwCACAAAAYB+LCAAAAAAAAP9b85aBtbiIQSmjNKU4P0+vJLE4u1gvPjexLDVPzxdEuhYV5Rf55ZekOlc7RKnPKH7IxMBQUcQgBdWQnJ9XnJ+TqucMoUEKGSCAEaSwAACsNFCqYAAAAA==[0m[ERROR] Re-run Maven using the -X switch to enable full debug logging.
[8mha:////4GDj9ZAG2XbxkE0sQjqKquFHbcXeopv1uYx9W0fSwCACAAAAYB+LCAAAAAAAAP9b85aBtbiIQSmjNKU4P0+vJLE4u1gvPjexLDVPzxdEuhYV5Rf55ZekOlc7RKnPKH7IxMBQUcQgBdWQnJ9XnJ+TqucMoUEKGSCAEaSwAACsNFCqYAAAAA==[0m[ERROR] 
[8mha:////4GDj9ZAG2XbxkE0sQjqKquFHbcXeopv1uYx9W0fSwCACAAAAYB+LCAAAAAAAAP9b85aBtbiIQSmjNKU4P0+vJLE4u1gvPjexLDVPzxdEuhYV5Rf55ZekOlc7RKnPKH7IxMBQUcQgBdWQnJ9XnJ+TqucMoUEKGSCAEaSwAACsNFCqYAAAAA==[0m[ERROR] For more information about the errors and possible solutions, please read the following articles:
[8mha:////4GDj9ZAG2XbxkE0sQjqKquFHbcXeopv1uYx9W0fSwCACAAAAYB+LCAAAAAAAAP9b85aBtbiIQSmjNKU4P0+vJLE4u1gvPjexLDVPzxdEuhYV5Rf55ZekOlc7RKnPKH7IxMBQUcQgBdWQnJ9XnJ+TqucMoUEKGSCAEaSwAACsNFCqYAAAAA==[0m[ERROR] [Help 1] http://cwiki.apache.org/confluence/display/MAVEN/MojoFailureException
[8mha:////4GDj9ZAG2XbxkE0sQjqKquFHbcXeopv1uYx9W0fSwCACAAAAYB+LCAAAAAAAAP9b85aBtbiIQSmjNKU4P0+vJLE4u1gvPjexLDVPzxdEuhYV5Rf55ZekOlc7RKnPKH7IxMBQUcQgBdWQnJ9XnJ+TqucMoUEKGSCAEaSwAACsNFCqYAAAAA==[0m[ERROR] 
[8mha:////4GDj9ZAG2XbxkE0sQjqKquFHbcXeopv1uYx9W0fSwCACAAAAYB+LCAAAAAAAAP9b85aBtbiIQSmjNKU4P0+vJLE4u1gvPjexLDVPzxdEuhYV5Rf55ZekOlc7RKnPKH7IxMBQUcQgBdWQnJ9XnJ+TqucMoUEKGSCAEaSwAACsNFCqYAAAAA==[0m[ERROR] After correcting the problems, you can resume the build with the command
[8mha:////4GDj9ZAG2XbxkE0sQjqKquFHbcXeopv1uYx9W0fSwCACAAAAYB+LCAAAAAAAAP9b85aBtbiIQSmjNKU4P0+vJLE4u1gvPjexLDVPzxdEuhYV5Rf55ZekOlc7RKnPKH7IxMBQUcQgBdWQnJ9XnJ+TqucMoUEKGSCAEaSwAACsNFCqYAAAAA==[0m[ERROR]   mvn <args> -rf :gs-multi-module-application
Build step 'Invoquer les cibles Maven de haut niveau' marked build as failure
Archiving artifacts
Enregistrement des r√©sultats des tests
[Checks API] No suitable checks publisher found.
Finished: FAILURE
